<?xml version="1.0" encoding="UTF-8"?>
<testng-results ignored="0" total="1" passed="1" failed="0" skipped="0">
  <reporter-output>
  </reporter-output>
  <suite started-at="2021-07-20T05:47:11Z" name="Suite1" finished-at="2021-07-20T05:47:26Z" duration-ms="14829">
    <groups>
    </groups>
    <test started-at="2021-07-20T05:47:11Z" name="AmazonBookPrice" finished-at="2021-07-20T05:47:26Z" duration-ms="14829">
      <class name="Test.TestBookPrice">
        <test-method is-config="true" signature="setupTest()[pri:0, instance:Test.TestBookPrice@7dc0f706]" started-at="2021-07-20T05:47:11Z" name="setupTest" finished-at="2021-07-20T05:47:16Z" duration-ms="5329" status="PASS">
          <reporter-output>
          </reporter-output>
        </test-method> <!-- setupTest -->
        <test-method signature="test()[pri:0, instance:Test.TestBookPrice@7dc0f706]" started-at="2021-07-20T05:47:16Z" name="test" finished-at="2021-07-20T05:47:25Z" duration-ms="8767" status="PASS">
          <reporter-output>
          </reporter-output>
        </test-method> <!-- test -->
        <test-method is-config="true" signature="finish()[pri:0, instance:Test.TestBookPrice@7dc0f706]" started-at="2021-07-20T05:47:25Z" name="finish" finished-at="2021-07-20T05:47:26Z" duration-ms="708" status="PASS">
          <reporter-output>
          </reporter-output>
        </test-method> <!-- finish -->
      </class> <!-- Test.TestBookPrice -->
    </test> <!-- AmazonBookPrice -->
  </suite> <!-- Suite1 -->
</testng-results>
